2019-07-19 23:37:04.757  INFO 6208 --- [main] c.y.m.u.m.MicroservicesUserApplication   : No active profile set, falling back to default profiles: default
2019-07-19 23:37:04.772  INFO 6208 --- [main] ationConfigEmbeddedWebApplicationContext : Refreshing org.springframework.boot.context.embedded.AnnotationConfigEmbeddedWebApplicationContext@d4602a: startup date [Fri Jul 19 23:37:04 CST 2019]; parent: org.springframework.context.annotation.AnnotationConfigApplicationContext@7bbc8656
2019-07-19 23:37:05.772  INFO 6208 --- [main] o.s.cloud.context.scope.GenericScope     : BeanFactory id=baa6e615-1129-3dd3-80ac-eeb008f4ee04
2019-07-19 23:37:05.787  INFO 6208 --- [main] f.a.AutowiredAnnotationBeanPostProcessor : JSR-330 'javax.inject.Inject' annotation found and supported for autowiring
2019-07-19 23:37:05.839  INFO 6208 --- [main] trationDelegate$BeanPostProcessorChecker : Bean 'org.springframework.cloud.autoconfigure.ConfigurationPropertiesRebinderAutoConfiguration' of type [org.springframework.cloud.autoconfigure.ConfigurationPropertiesRebinderAutoConfiguration$$EnhancerBySpringCGLIB$$b569d054] is not eligible for getting processed by all BeanPostProcessors (for example: not eligible for auto-proxying)
2019-07-19 23:37:06.404  INFO 6208 --- [main] s.b.c.e.t.TomcatEmbeddedServletContainer : Tomcat initialized with port(s): 0 (http)
2019-07-19 23:37:06.456  INFO 6208 --- [main] o.apache.catalina.core.StandardService   : Starting service [Tomcat]
2019-07-19 23:37:06.457  INFO 6208 --- [main] org.apache.catalina.core.StandardEngine  : Starting Servlet Engine: Apache Tomcat/8.5.40
2019-07-19 23:37:06.675  INFO 6208 --- [localhost-startStop-1] o.a.c.c.C.[Tomcat].[localhost].[/]       : Initializing Spring embedded WebApplicationContext
2019-07-19 23:37:06.676  INFO 6208 --- [localhost-startStop-1] o.s.web.context.ContextLoader            : Root WebApplicationContext: initialization completed in 1904 ms
2019-07-19 23:37:06.861  INFO 6208 --- [localhost-startStop-1] o.s.b.w.servlet.ServletRegistrationBean  : Mapping servlet: 'dispatcherServlet' to [/]
2019-07-19 23:37:06.867  INFO 6208 --- [localhost-startStop-1] o.s.b.w.servlet.FilterRegistrationBean   : Mapping filter: 'characterEncodingFilter' to: [/*]
2019-07-19 23:37:06.867  INFO 6208 --- [localhost-startStop-1] o.s.b.w.servlet.FilterRegistrationBean   : Mapping filter: 'hiddenHttpMethodFilter' to: [/*]
2019-07-19 23:37:06.867  INFO 6208 --- [localhost-startStop-1] o.s.b.w.servlet.FilterRegistrationBean   : Mapping filter: 'httpPutFormContentFilter' to: [/*]
2019-07-19 23:37:06.868  INFO 6208 --- [localhost-startStop-1] o.s.b.w.servlet.FilterRegistrationBean   : Mapping filter: 'requestContextFilter' to: [/*]
2019-07-19 23:37:07.317  WARN 6208 --- [main] c.n.c.sources.URLConfigurationSource     : No URLs will be polled as dynamic configuration sources.
2019-07-19 23:37:07.317  INFO 6208 --- [main] c.n.c.sources.URLConfigurationSource     : To enable URLs as dynamic configuration sources, define System property archaius.configurationSource.additionalUrls or make config.properties available on classpath.
2019-07-19 23:37:07.325  WARN 6208 --- [main] c.n.c.sources.URLConfigurationSource     : No URLs will be polled as dynamic configuration sources.
2019-07-19 23:37:07.325  INFO 6208 --- [main] c.n.c.sources.URLConfigurationSource     : To enable URLs as dynamic configuration sources, define System property archaius.configurationSource.additionalUrls or make config.properties available on classpath.
2019-07-19 23:37:07.583  INFO 6208 --- [main] s.w.s.m.m.a.RequestMappingHandlerAdapter : Looking for @ControllerAdvice: org.springframework.boot.context.embedded.AnnotationConfigEmbeddedWebApplicationContext@d4602a: startup date [Fri Jul 19 23:37:04 CST 2019]; parent: org.springframework.context.annotation.AnnotationConfigApplicationContext@7bbc8656
2019-07-19 23:37:07.759  INFO 6208 --- [main] s.w.s.m.m.a.RequestMappingHandlerMapping : Mapped "{[/user/add],methods=[POST]}" onto public com.yidong.microservices.user.microservicesuser.vo.UserVO com.yidong.microservices.user.microservicesuser.controller.UserController.add(com.yidong.microservices.user.microservicesuser.vo.UserVO)
2019-07-19 23:37:07.760  INFO 6208 --- [main] s.w.s.m.m.a.RequestMappingHandlerMapping : Mapped "{[/user/list],methods=[GET]}" onto public java.util.List<com.yidong.microservices.user.microservicesuser.vo.UserVO> com.yidong.microservices.user.microservicesuser.controller.UserController.list()
2019-07-19 23:37:07.762  INFO 6208 --- [main] s.w.s.m.m.a.RequestMappingHandlerMapping : Mapped "{[/error]}" onto public org.springframework.http.ResponseEntity<java.util.Map<java.lang.String, java.lang.Object>> org.springframework.boot.autoconfigure.web.BasicErrorController.error(javax.servlet.http.HttpServletRequest)
2019-07-19 23:37:07.763  INFO 6208 --- [main] s.w.s.m.m.a.RequestMappingHandlerMapping : Mapped "{[/error],produces=[text/html]}" onto public org.springframework.web.servlet.ModelAndView org.springframework.boot.autoconfigure.web.BasicErrorController.errorHtml(javax.servlet.http.HttpServletRequest,javax.servlet.http.HttpServletResponse)
2019-07-19 23:37:07.806  INFO 6208 --- [main] o.s.w.s.handler.SimpleUrlHandlerMapping  : Mapped URL path [/webjars/**] onto handler of type [class org.springframework.web.servlet.resource.ResourceHttpRequestHandler]
2019-07-19 23:37:07.806  INFO 6208 --- [main] o.s.w.s.handler.SimpleUrlHandlerMapping  : Mapped URL path [/**] onto handler of type [class org.springframework.web.servlet.resource.ResourceHttpRequestHandler]
2019-07-19 23:37:07.859  INFO 6208 --- [main] o.s.w.s.handler.SimpleUrlHandlerMapping  : Mapped URL path [/**/favicon.ico] onto handler of type [class org.springframework.web.servlet.resource.ResourceHttpRequestHandler]
2019-07-19 23:37:09.251  INFO 6208 --- [main] o.s.cloud.commons.util.InetUtils         : Cannot determine local hostname
2019-07-19 23:37:10.585  INFO 6208 --- [main] o.s.cloud.commons.util.InetUtils         : Cannot determine local hostname
2019-07-19 23:37:10.903  INFO 6208 --- [main] o.s.j.e.a.AnnotationMBeanExporter        : Registering beans for JMX exposure on startup
2019-07-19 23:37:10.914  INFO 6208 --- [main] o.s.j.e.a.AnnotationMBeanExporter        : Bean with name 'configurationPropertiesRebinder' has been autodetected for JMX exposure
2019-07-19 23:37:10.915  INFO 6208 --- [main] o.s.j.e.a.AnnotationMBeanExporter        : Bean with name 'environmentManager' has been autodetected for JMX exposure
2019-07-19 23:37:10.916  INFO 6208 --- [main] o.s.j.e.a.AnnotationMBeanExporter        : Bean with name 'refreshScope' has been autodetected for JMX exposure
2019-07-19 23:37:10.919  INFO 6208 --- [main] o.s.j.e.a.AnnotationMBeanExporter        : Located managed bean 'environmentManager': registering with JMX server as MBean [org.springframework.cloud.context.environment:name=environmentManager,type=EnvironmentManager]
2019-07-19 23:37:10.931  INFO 6208 --- [main] o.s.j.e.a.AnnotationMBeanExporter        : Located managed bean 'refreshScope': registering with JMX server as MBean [org.springframework.cloud.context.scope.refresh:name=refreshScope,type=RefreshScope]
2019-07-19 23:37:10.944  INFO 6208 --- [main] o.s.j.e.a.AnnotationMBeanExporter        : Located managed bean 'configurationPropertiesRebinder': registering with JMX server as MBean [org.springframework.cloud.context.properties:name=configurationPropertiesRebinder,context=d4602a,type=ConfigurationPropertiesRebinder]
2019-07-19 23:37:10.975  INFO 6208 --- [main] o.s.c.support.DefaultLifecycleProcessor  : Starting beans in phase 0
2019-07-19 23:37:11.040  INFO 6208 --- [main] s.b.c.e.t.TomcatEmbeddedServletContainer : Tomcat started on port(s): 63577 (http)
2019-07-19 23:37:11.041  INFO 6208 --- [main] .s.c.n.e.s.EurekaAutoServiceRegistration : Updating port to 63577
2019-07-19 23:37:11.047  INFO 6208 --- [main] o.s.c.n.eureka.InstanceInfoFactory       : Setting initial instance status as: STARTING
2019-07-19 23:37:11.124  INFO 6208 --- [main] com.netflix.discovery.DiscoveryClient    : Initializing Eureka in region us-east-1
2019-07-19 23:37:12.109  INFO 6208 --- [main] c.n.d.provider.DiscoveryJerseyProvider   : Using JSON encoding codec LegacyJacksonJson
2019-07-19 23:37:12.123  INFO 6208 --- [main] c.n.d.provider.DiscoveryJerseyProvider   : Using JSON decoding codec LegacyJacksonJson
2019-07-19 23:37:12.364  INFO 6208 --- [main] c.n.d.provider.DiscoveryJerseyProvider   : Using XML encoding codec XStreamXml
2019-07-19 23:37:12.364  INFO 6208 --- [main] c.n.d.provider.DiscoveryJerseyProvider   : Using XML decoding codec XStreamXml
2019-07-19 23:37:12.774  INFO 6208 --- [main] c.n.d.s.r.aws.ConfigClusterResolver      : Resolving eureka endpoints via configuration
2019-07-19 23:37:12.905  INFO 6208 --- [main] com.netflix.discovery.DiscoveryClient    : Disable delta property : false
2019-07-19 23:37:12.905  INFO 6208 --- [main] com.netflix.discovery.DiscoveryClient    : Single vip registry refresh property : null
2019-07-19 23:37:12.905  INFO 6208 --- [main] com.netflix.discovery.DiscoveryClient    : Force full registry fetch : false
2019-07-19 23:37:12.905  INFO 6208 --- [main] com.netflix.discovery.DiscoveryClient    : Application is null : false
2019-07-19 23:37:12.905  INFO 6208 --- [main] com.netflix.discovery.DiscoveryClient    : Registered Applications size is zero : true
2019-07-19 23:37:12.905  INFO 6208 --- [main] com.netflix.discovery.DiscoveryClient    : Application version is -1: true
2019-07-19 23:37:12.905  INFO 6208 --- [main] com.netflix.discovery.DiscoveryClient    : Getting all instance registry info from the eureka server
2019-07-19 23:37:13.244  INFO 6208 --- [main] com.netflix.discovery.DiscoveryClient    : The response status is 200
2019-07-19 23:37:13.246  INFO 6208 --- [main] com.netflix.discovery.DiscoveryClient    : Starting heartbeat executor: renew interval is: 30
2019-07-19 23:37:13.249  INFO 6208 --- [main] c.n.discovery.InstanceInfoReplicator     : InstanceInfoReplicator onDemand update allowed rate per min is 4
2019-07-19 23:37:13.251  INFO 6208 --- [main] com.netflix.discovery.DiscoveryClient    : Discovery Client initialized at timestamp 1563550633251 with initial instances count: 0
2019-07-19 23:37:13.254  INFO 6208 --- [main] o.s.c.n.e.s.EurekaServiceRegistry        : Registering application user-service with eureka with status UP
2019-07-19 23:37:13.254  INFO 6208 --- [main] com.netflix.discovery.DiscoveryClient    : Saw local status change event StatusChangeEvent [timestamp=1563550633254, current=UP, previous=STARTING]
2019-07-19 23:37:13.257  INFO 6208 --- [DiscoveryClient-InstanceInfoReplicator-0] com.netflix.discovery.DiscoveryClient    : DiscoveryClient_USER-SERVICE/localhost:user-service:0: registering service...
2019-07-19 23:37:13.260  INFO 6208 --- [main] c.y.m.u.m.MicroservicesUserApplication   : Started MicroservicesUserApplication in 12.75 seconds (JVM running for 13.91)
2019-07-19 23:37:13.446  INFO 6208 --- [DiscoveryClient-InstanceInfoReplicator-0] com.netflix.discovery.DiscoveryClient    : DiscoveryClient_USER-SERVICE/localhost:user-service:0 - registration status: 204
2019-07-19 23:37:43.248  INFO 6208 --- [DiscoveryClient-CacheRefreshExecutor-0] com.netflix.discovery.DiscoveryClient    : Disable delta property : false
2019-07-19 23:37:43.250  INFO 6208 --- [DiscoveryClient-CacheRefreshExecutor-0] com.netflix.discovery.DiscoveryClient    : Single vip registry refresh property : null
2019-07-19 23:37:43.250  INFO 6208 --- [DiscoveryClient-CacheRefreshExecutor-0] com.netflix.discovery.DiscoveryClient    : Force full registry fetch : false
2019-07-19 23:37:43.250  INFO 6208 --- [DiscoveryClient-CacheRefreshExecutor-0] com.netflix.discovery.DiscoveryClient    : Application is null : false
2019-07-19 23:37:43.250  INFO 6208 --- [DiscoveryClient-CacheRefreshExecutor-0] com.netflix.discovery.DiscoveryClient    : Registered Applications size is zero : true
2019-07-19 23:37:43.250  INFO 6208 --- [DiscoveryClient-CacheRefreshExecutor-0] com.netflix.discovery.DiscoveryClient    : Application version is -1: false
2019-07-19 23:37:43.251  INFO 6208 --- [DiscoveryClient-CacheRefreshExecutor-0] com.netflix.discovery.DiscoveryClient    : Getting all instance registry info from the eureka server
2019-07-19 23:37:43.323  INFO 6208 --- [DiscoveryClient-CacheRefreshExecutor-0] com.netflix.discovery.DiscoveryClient    : The response status is 200
2019-07-19 23:38:57.557  INFO 6208 --- [http-nio-auto-1-exec-1] o.a.c.c.C.[Tomcat].[localhost].[/]       : Initializing Spring FrameworkServlet 'dispatcherServlet'
2019-07-19 23:38:57.557  INFO 6208 --- [http-nio-auto-1-exec-1] o.s.web.servlet.DispatcherServlet        : FrameworkServlet 'dispatcherServlet': initialization started
2019-07-19 23:38:57.581  INFO 6208 --- [http-nio-auto-1-exec-1] o.s.web.servlet.DispatcherServlet        : FrameworkServlet 'dispatcherServlet': initialization completed in 24 ms
2019-07-19 23:38:57.626  INFO 6208 --- [http-nio-auto-1-exec-1] c.y.m.u.m.controller.UserController      : [user.list] list size is 0
2019-07-19 23:41:49.460  INFO 6208 --- [Thread-6] ationConfigEmbeddedWebApplicationContext : Closing org.springframework.boot.context.embedded.AnnotationConfigEmbeddedWebApplicationContext@d4602a: startup date [Fri Jul 19 23:37:04 CST 2019]; parent: org.springframework.context.annotation.AnnotationConfigApplicationContext@7bbc8656
2019-07-19 23:41:49.461  INFO 6208 --- [Thread-6] o.s.c.n.e.s.EurekaServiceRegistry        : Unregistering application user-service with eureka with status DOWN
2019-07-19 23:41:49.462  WARN 6208 --- [Thread-6] com.netflix.discovery.DiscoveryClient    : Saw local status change event StatusChangeEvent [timestamp=1563550909462, current=DOWN, previous=UP]
2019-07-19 23:41:49.462  INFO 6208 --- [DiscoveryClient-InstanceInfoReplicator-0] com.netflix.discovery.DiscoveryClient    : DiscoveryClient_USER-SERVICE/localhost:user-service:0: registering service...
2019-07-19 23:41:49.468  INFO 6208 --- [DiscoveryClient-InstanceInfoReplicator-0] com.netflix.discovery.DiscoveryClient    : DiscoveryClient_USER-SERVICE/localhost:user-service:0 - registration status: 204
2019-07-19 23:41:49.469  INFO 6208 --- [Thread-6] o.s.c.support.DefaultLifecycleProcessor  : Stopping beans in phase 0
2019-07-19 23:41:49.470  INFO 6208 --- [Thread-6] o.s.j.e.a.AnnotationMBeanExporter        : Unregistering JMX-exposed beans on shutdown
2019-07-19 23:41:49.471  INFO 6208 --- [Thread-6] o.s.j.e.a.AnnotationMBeanExporter        : Unregistering JMX-exposed beans
2019-07-19 23:41:49.477  INFO 6208 --- [Thread-6] com.netflix.discovery.DiscoveryClient    : Shutting down DiscoveryClient ...
2019-07-19 23:41:49.478  INFO 6208 --- [Thread-6] com.netflix.discovery.DiscoveryClient    : Unregistering ...
2019-07-19 23:41:49.488  INFO 6208 --- [Thread-6] com.netflix.discovery.DiscoveryClient    : DiscoveryClient_USER-SERVICE/localhost:user-service:0 - deregister  status: 200
2019-07-19 23:41:49.499  INFO 6208 --- [Thread-6] com.netflix.discovery.DiscoveryClient    : Completed shut down of DiscoveryClient
2019-07-19 23:42:22.546  INFO 4236 --- [main] .m.u.m.MicroservicesUserApplicationTests : No active profile set, falling back to default profiles: default
2019-07-19 23:42:22.550  INFO 4236 --- [main] o.s.w.c.s.GenericWebApplicationContext   : Refreshing org.springframework.web.context.support.GenericWebApplicationContext@5974109: startup date [Fri Jul 19 23:42:22 CST 2019]; parent: org.springframework.context.annotation.AnnotationConfigApplicationContext@298a5e20
2019-07-19 23:42:23.052  INFO 4236 --- [main] o.s.cloud.context.scope.GenericScope     : BeanFactory id=7be88ffb-04a5-33ed-928a-6053b5a74e26
2019-07-19 23:42:23.099  INFO 4236 --- [main] f.a.AutowiredAnnotationBeanPostProcessor : JSR-330 'javax.inject.Inject' annotation found and supported for autowiring
2019-07-19 23:42:23.155  INFO 4236 --- [main] trationDelegate$BeanPostProcessorChecker : Bean 'org.springframework.cloud.autoconfigure.ConfigurationPropertiesRebinderAutoConfiguration' of type [org.springframework.cloud.autoconfigure.ConfigurationPropertiesRebinderAutoConfiguration$$EnhancerBySpringCGLIB$$3f03b61a] is not eligible for getting processed by all BeanPostProcessors (for example: not eligible for auto-proxying)
2019-07-19 23:42:23.477  WARN 4236 --- [main] c.n.c.sources.URLConfigurationSource     : No URLs will be polled as dynamic configuration sources.
2019-07-19 23:42:23.477  INFO 4236 --- [main] c.n.c.sources.URLConfigurationSource     : To enable URLs as dynamic configuration sources, define System property archaius.configurationSource.additionalUrls or make config.properties available on classpath.
2019-07-19 23:42:23.484  WARN 4236 --- [main] c.n.c.sources.URLConfigurationSource     : No URLs will be polled as dynamic configuration sources.
2019-07-19 23:42:23.484  INFO 4236 --- [main] c.n.c.sources.URLConfigurationSource     : To enable URLs as dynamic configuration sources, define System property archaius.configurationSource.additionalUrls or make config.properties available on classpath.
2019-07-19 23:42:23.683  INFO 4236 --- [main] s.w.s.m.m.a.RequestMappingHandlerAdapter : Looking for @ControllerAdvice: org.springframework.web.context.support.GenericWebApplicationContext@5974109: startup date [Fri Jul 19 23:42:22 CST 2019]; parent: org.springframework.context.annotation.AnnotationConfigApplicationContext@298a5e20
2019-07-19 23:42:23.750  INFO 4236 --- [main] s.w.s.m.m.a.RequestMappingHandlerMapping : Mapped "{[/user/add],methods=[POST]}" onto public com.yidong.microservices.user.microservicesuser.vo.UserVO com.yidong.microservices.user.microservicesuser.controller.UserController.add(com.yidong.microservices.user.microservicesuser.vo.UserVO)
2019-07-19 23:42:23.752  INFO 4236 --- [main] s.w.s.m.m.a.RequestMappingHandlerMapping : Mapped "{[/user/list],methods=[GET]}" onto public java.util.List<com.yidong.microservices.user.microservicesuser.vo.UserVO> com.yidong.microservices.user.microservicesuser.controller.UserController.list()
2019-07-19 23:42:23.755  INFO 4236 --- [main] s.w.s.m.m.a.RequestMappingHandlerMapping : Mapped "{[/error]}" onto public org.springframework.http.ResponseEntity<java.util.Map<java.lang.String, java.lang.Object>> org.springframework.boot.autoconfigure.web.BasicErrorController.error(javax.servlet.http.HttpServletRequest)
2019-07-19 23:42:23.756  INFO 4236 --- [main] s.w.s.m.m.a.RequestMappingHandlerMapping : Mapped "{[/error],produces=[text/html]}" onto public org.springframework.web.servlet.ModelAndView org.springframework.boot.autoconfigure.web.BasicErrorController.errorHtml(javax.servlet.http.HttpServletRequest,javax.servlet.http.HttpServletResponse)
2019-07-19 23:42:23.797  INFO 4236 --- [main] o.s.w.s.handler.SimpleUrlHandlerMapping  : Mapped URL path [/webjars/**] onto handler of type [class org.springframework.web.servlet.resource.ResourceHttpRequestHandler]
2019-07-19 23:42:23.798  INFO 4236 --- [main] o.s.w.s.handler.SimpleUrlHandlerMapping  : Mapped URL path [/**] onto handler of type [class org.springframework.web.servlet.resource.ResourceHttpRequestHandler]
2019-07-19 23:42:23.850  INFO 4236 --- [main] o.s.w.s.handler.SimpleUrlHandlerMapping  : Mapped URL path [/**/favicon.ico] onto handler of type [class org.springframework.web.servlet.resource.ResourceHttpRequestHandler]
2019-07-19 23:42:25.146  INFO 4236 --- [main] o.s.cloud.commons.util.InetUtils         : Cannot determine local hostname
2019-07-19 23:42:26.389  INFO 4236 --- [main] o.s.cloud.commons.util.InetUtils         : Cannot determine local hostname
2019-07-19 23:42:26.563  INFO 4236 --- [main] o.s.c.support.DefaultLifecycleProcessor  : Starting beans in phase 0
2019-07-19 23:42:26.585  INFO 4236 --- [main] .m.u.m.MicroservicesUserApplicationTests : Started MicroservicesUserApplicationTests in 7.314 seconds (JVM running for 8.199)
2019-07-19 23:42:26.665  INFO 4236 --- [Thread-5] o.s.w.c.s.GenericWebApplicationContext   : Closing org.springframework.web.context.support.GenericWebApplicationContext@5974109: startup date [Fri Jul 19 23:42:22 CST 2019]; parent: org.springframework.context.annotation.AnnotationConfigApplicationContext@298a5e20
2019-07-19 23:42:26.674  INFO 4236 --- [Thread-5] o.s.c.n.eureka.InstanceInfoFactory       : Setting initial instance status as: STARTING
2019-07-19 23:42:26.676  INFO 4236 --- [Thread-5] o.s.c.n.e.s.EurekaServiceRegistry        : Unregistering application user-service with eureka with status DOWN
2019-07-19 23:42:26.678  INFO 4236 --- [Thread-5] o.s.c.support.DefaultLifecycleProcessor  : Stopping beans in phase 0
